[2025-11-20 12:08:28] INFO: 
[2025-11-20 12:08:28] INFO: ╔==========================================================╗
[2025-11-20 12:08:28] INFO: ║          PIPELINE DE CARGA - DATA WAREHOUSE             ║
[2025-11-20 12:08:28] INFO: ║               Análise de Desmatamento                    ║
[2025-11-20 12:08:28] INFO: ╚==========================================================╝
[2025-11-20 12:08:28] INFO: 
[2025-11-20 12:08:28] INFO: 🕐 Início: 2025-11-20 12:08:28
[2025-11-20 12:08:28] INFO: 
[2025-11-20 12:08:28] INFO: 📋 ETAPA 1/4: Validando arquivos necessários...
[2025-11-20 12:08:28] INFO: ✅ Arquivo Silver encontrado: /Users/mile/Documents/Projetos/Projeto-Pipeline-de-ETL-Integrado/data/silver/deforestation_silver_layer.csv
[2025-11-20 12:08:28] INFO: 
[2025-11-20 12:08:28] INFO: 📋 ETAPA 2/4: Carregando dimensões...
[2025-11-20 12:08:28] INFO: 
[2025-11-20 12:08:28] INFO: ============================================================
[2025-11-20 12:08:28] INFO: 🕐 INICIANDO CARGA DA DIMENSÃO TEMPO
[2025-11-20 12:08:28] INFO: ============================================================
[2025-11-20 12:08:28] INFO: ✅ Tabelas criadas/verificadas com sucesso
[2025-11-20 12:08:28] INFO: ✅ Arquivo Silver lido com sucesso: 169122 registros
[2025-11-20 12:08:28] INFO: 📅 Encontradas 172 datas únicas no arquivo Silver
[2025-11-20 12:08:28] INFO: 📊 Datas já existentes no banco: 172
[2025-11-20 12:08:28] INFO: ✅ Nenhuma data nova para inserir (todas já estão no banco)
[2025-11-20 12:08:28] INFO: 
[2025-11-20 12:08:28] INFO: ============================================================
[2025-11-20 12:08:28] INFO: 📍 INICIANDO CARGA DA DIMENSÃO LOCALIDADE
[2025-11-20 12:08:28] INFO: ============================================================
[2025-11-20 12:08:28] INFO: ✅ Tabelas criadas/verificadas com sucesso
[2025-11-20 12:08:28] INFO: ✅ Arquivo Silver lido com sucesso: 169122 registros
[2025-11-20 12:08:28] INFO: 🗺️ Encontrados 9 estados únicos no arquivo Silver
[2025-11-20 12:08:28] INFO:    Estados: AC, AM, AP, MA, MT, PA, RO, RR, TO
[2025-11-20 12:08:28] INFO: 📊 Estados já existentes no banco: 9
[2025-11-20 12:08:28] INFO: ✅ Nenhum estado novo para inserir (todos já estão no banco)
[2025-11-20 12:08:28] INFO: 
[2025-11-20 12:08:28] INFO: 📋 ETAPA 3/4: Carregando tabela fato...
[2025-11-20 12:08:28] INFO: 
[2025-11-20 12:08:28] INFO: ============================================================
[2025-11-20 12:08:28] INFO: 📊 INICIANDO CARGA DA TABELA FATO DESMATAMENTO
[2025-11-20 12:08:28] INFO: ============================================================
[2025-11-20 12:08:28] INFO: ✅ Tabelas criadas/verificadas com sucesso
[2025-11-20 12:08:28] INFO: ✅ Arquivo Silver lido com sucesso: 169122 registros
[2025-11-20 12:08:28] INFO: 📄 Total de registros no arquivo Silver: 169122
[2025-11-20 12:08:28] INFO: 🔍 Construindo cache de dimensões...
[2025-11-20 12:08:28] INFO:    ✓ Cache criado: 172 datas, 9 estados
[2025-11-20 12:08:28] INFO: 💾 Iniciando inserção dos registros...
[2025-11-20 12:08:28] INFO:    ⏳ Processados: 1000 registros...
[2025-11-20 12:08:28] INFO:    ⏳ Processados: 2000 registros...
[2025-11-20 12:08:28] INFO:    ⏳ Processados: 3000 registros...
[2025-11-20 12:08:28] INFO:    ⏳ Processados: 4000 registros...
[2025-11-20 12:08:28] INFO:    ⏳ Processados: 5000 registros...
[2025-11-20 12:08:28] INFO:    ⏳ Processados: 6000 registros...
[2025-11-20 12:08:28] INFO:    ⏳ Processados: 7000 registros...
[2025-11-20 12:08:28] INFO:    ⏳ Processados: 8000 registros...
[2025-11-20 12:08:28] INFO:    ⏳ Processados: 9000 registros...
[2025-11-20 12:08:28] INFO:    ⏳ Processados: 10000 registros...
[2025-11-20 12:08:28] INFO:    ⏳ Processados: 11000 registros...
[2025-11-20 12:08:28] INFO:    ⏳ Processados: 12000 registros...
[2025-11-20 12:08:28] INFO:    ⏳ Processados: 13000 registros...
[2025-11-20 12:08:28] INFO:    ⏳ Processados: 14000 registros...
[2025-11-20 12:08:28] INFO:    ⏳ Processados: 15000 registros...
[2025-11-20 12:08:28] INFO:    ⏳ Processados: 16000 registros...
[2025-11-20 12:08:28] INFO:    ⏳ Processados: 17000 registros...
[2025-11-20 12:08:28] INFO:    ⏳ Processados: 18000 registros...
[2025-11-20 12:08:28] INFO:    ⏳ Processados: 19000 registros...
[2025-11-20 12:08:28] INFO:    ⏳ Processados: 20000 registros...
[2025-11-20 12:08:28] INFO:    ⏳ Processados: 21000 registros...
[2025-11-20 12:08:28] INFO:    ⏳ Processados: 22000 registros...
[2025-11-20 12:08:28] INFO:    ⏳ Processados: 23000 registros...
[2025-11-20 12:08:28] INFO:    ⏳ Processados: 24000 registros...
[2025-11-20 12:08:28] INFO:    ⏳ Processados: 25000 registros...
[2025-11-20 12:08:28] INFO:    ⏳ Processados: 26000 registros...
[2025-11-20 12:08:28] INFO:    ⏳ Processados: 27000 registros...
[2025-11-20 12:08:28] INFO:    ⏳ Processados: 28000 registros...
[2025-11-20 12:08:28] INFO:    ⏳ Processados: 29000 registros...
[2025-11-20 12:08:28] INFO:    ⏳ Processados: 30000 registros...
[2025-11-20 12:08:28] INFO:    ⏳ Processados: 31000 registros...
[2025-11-20 12:08:28] INFO:    ⏳ Processados: 32000 registros...
[2025-11-20 12:08:28] INFO:    ⏳ Processados: 33000 registros...
[2025-11-20 12:08:28] INFO:    ⏳ Processados: 34000 registros...
[2025-11-20 12:08:28] INFO:    ⏳ Processados: 35000 registros...
[2025-11-20 12:08:28] INFO:    ⏳ Processados: 36000 registros...
[2025-11-20 12:08:28] INFO:    ⏳ Processados: 37000 registros...
[2025-11-20 12:08:28] INFO:    ⏳ Processados: 38000 registros...
[2025-11-20 12:08:28] INFO:    ⏳ Processados: 39000 registros...
[2025-11-20 12:08:28] INFO:    ⏳ Processados: 40000 registros...
[2025-11-20 12:08:28] INFO:    ⏳ Processados: 41000 registros...
[2025-11-20 12:08:28] INFO:    ⏳ Processados: 42000 registros...
[2025-11-20 12:08:28] INFO:    ⏳ Processados: 43000 registros...
[2025-11-20 12:08:28] INFO:    ⏳ Processados: 44000 registros...
[2025-11-20 12:08:28] INFO:    ⏳ Processados: 45000 registros...
[2025-11-20 12:08:28] INFO:    ⏳ Processados: 46000 registros...
[2025-11-20 12:08:28] INFO:    ⏳ Processados: 47000 registros...
[2025-11-20 12:08:28] INFO:    ⏳ Processados: 48000 registros...
[2025-11-20 12:08:28] INFO:    ⏳ Processados: 49000 registros...
[2025-11-20 12:08:28] INFO:    ⏳ Processados: 50000 registros...
[2025-11-20 12:08:29] INFO:    ⏳ Processados: 51000 registros...
[2025-11-20 12:08:29] INFO:    ⏳ Processados: 52000 registros...
[2025-11-20 12:08:29] INFO:    ⏳ Processados: 53000 registros...
[2025-11-20 12:08:29] INFO:    ⏳ Processados: 54000 registros...
[2025-11-20 12:08:29] INFO:    ⏳ Processados: 55000 registros...
[2025-11-20 12:08:29] INFO:    ⏳ Processados: 56000 registros...
[2025-11-20 12:08:29] INFO:    ⏳ Processados: 57000 registros...
[2025-11-20 12:08:29] INFO:    ⏳ Processados: 58000 registros...
[2025-11-20 12:08:29] INFO:    ⏳ Processados: 59000 registros...
[2025-11-20 12:08:29] INFO:    ⏳ Processados: 60000 registros...
[2025-11-20 12:08:29] INFO:    ⏳ Processados: 61000 registros...
[2025-11-20 12:08:29] INFO:    ⏳ Processados: 62000 registros...
[2025-11-20 12:08:29] INFO:    ⏳ Processados: 63000 registros...
[2025-11-20 12:08:29] INFO:    ⏳ Processados: 64000 registros...
[2025-11-20 12:08:29] INFO:    ⏳ Processados: 65000 registros...
[2025-11-20 12:08:29] INFO:    ⏳ Processados: 66000 registros...
[2025-11-20 12:08:29] INFO:    ⏳ Processados: 67000 registros...
[2025-11-20 12:08:29] INFO:    ⏳ Processados: 68000 registros...
[2025-11-20 12:08:29] INFO:    ⏳ Processados: 69000 registros...
[2025-11-20 12:08:29] INFO:    ⏳ Processados: 70000 registros...
[2025-11-20 12:08:29] INFO:    ⏳ Processados: 71000 registros...
[2025-11-20 12:08:29] INFO:    ⏳ Processados: 72000 registros...
[2025-11-20 12:08:29] INFO:    ⏳ Processados: 73000 registros...
[2025-11-20 12:08:29] INFO:    ⏳ Processados: 74000 registros...
[2025-11-20 12:08:29] INFO:    ⏳ Processados: 75000 registros...
[2025-11-20 12:08:29] INFO:    ⏳ Processados: 76000 registros...
[2025-11-20 12:08:29] INFO:    ⏳ Processados: 77000 registros...
[2025-11-20 12:08:29] INFO:    ⏳ Processados: 78000 registros...
[2025-11-20 12:08:29] INFO:    ⏳ Processados: 79000 registros...
[2025-11-20 12:08:29] INFO:    ⏳ Processados: 80000 registros...
[2025-11-20 12:08:29] INFO:    ⏳ Processados: 81000 registros...
[2025-11-20 12:08:29] INFO:    ⏳ Processados: 82000 registros...
[2025-11-20 12:08:29] INFO:    ⏳ Processados: 83000 registros...
[2025-11-20 12:08:29] INFO:    ⏳ Processados: 84000 registros...
[2025-11-20 12:08:29] INFO:    ⏳ Processados: 85000 registros...
[2025-11-20 12:08:29] INFO:    ⏳ Processados: 86000 registros...
[2025-11-20 12:08:29] INFO:    ⏳ Processados: 87000 registros...
[2025-11-20 12:08:29] INFO:    ⏳ Processados: 88000 registros...
[2025-11-20 12:08:29] INFO:    ⏳ Processados: 89000 registros...
[2025-11-20 12:08:29] INFO:    ⏳ Processados: 90000 registros...
[2025-11-20 12:08:29] INFO:    ⏳ Processados: 91000 registros...
[2025-11-20 12:08:29] INFO:    ⏳ Processados: 92000 registros...
[2025-11-20 12:08:29] INFO:    ⏳ Processados: 93000 registros...
[2025-11-20 12:08:29] INFO:    ⏳ Processados: 94000 registros...
[2025-11-20 12:08:29] INFO:    ⏳ Processados: 95000 registros...
[2025-11-20 12:08:29] INFO:    ⏳ Processados: 96000 registros...
[2025-11-20 12:08:29] INFO:    ⏳ Processados: 97000 registros...
[2025-11-20 12:08:29] INFO:    ⏳ Processados: 98000 registros...
[2025-11-20 12:08:29] INFO:    ⏳ Processados: 99000 registros...
[2025-11-20 12:08:29] INFO:    ⏳ Processados: 100000 registros...
[2025-11-20 12:08:29] INFO:    ⏳ Processados: 101000 registros...
[2025-11-20 12:08:29] INFO:    ⏳ Processados: 102000 registros...
[2025-11-20 12:08:29] INFO:    ⏳ Processados: 103000 registros...
[2025-11-20 12:08:29] INFO:    ⏳ Processados: 104000 registros...
[2025-11-20 12:08:29] INFO:    ⏳ Processados: 105000 registros...
[2025-11-20 12:08:29] INFO:    ⏳ Processados: 106000 registros...
[2025-11-20 12:08:29] INFO:    ⏳ Processados: 107000 registros...
[2025-11-20 12:08:29] INFO:    ⏳ Processados: 108000 registros...
[2025-11-20 12:08:29] INFO:    ⏳ Processados: 109000 registros...
[2025-11-20 12:08:29] INFO:    ⏳ Processados: 110000 registros...
[2025-11-20 12:08:29] INFO:    ⏳ Processados: 111000 registros...
[2025-11-20 12:08:29] INFO:    ⏳ Processados: 112000 registros...
[2025-11-20 12:08:29] INFO:    ⏳ Processados: 113000 registros...
[2025-11-20 12:08:29] INFO:    ⏳ Processados: 114000 registros...
[2025-11-20 12:08:29] INFO:    ⏳ Processados: 115000 registros...
[2025-11-20 12:08:29] INFO:    ⏳ Processados: 116000 registros...
[2025-11-20 12:08:29] INFO:    ⏳ Processados: 117000 registros...
[2025-11-20 12:08:29] INFO:    ⏳ Processados: 118000 registros...
[2025-11-20 12:08:29] INFO:    ⏳ Processados: 119000 registros...
[2025-11-20 12:08:29] INFO:    ⏳ Processados: 120000 registros...
[2025-11-20 12:08:30] INFO:    ⏳ Processados: 121000 registros...
[2025-11-20 12:08:30] INFO:    ⏳ Processados: 122000 registros...
[2025-11-20 12:08:30] INFO:    ⏳ Processados: 123000 registros...
[2025-11-20 12:08:30] INFO:    ⏳ Processados: 124000 registros...
[2025-11-20 12:08:30] INFO:    ⏳ Processados: 125000 registros...
[2025-11-20 12:08:30] INFO:    ⏳ Processados: 126000 registros...
[2025-11-20 12:08:30] INFO:    ⏳ Processados: 127000 registros...
[2025-11-20 12:08:30] INFO:    ⏳ Processados: 128000 registros...
[2025-11-20 12:08:30] INFO:    ⏳ Processados: 129000 registros...
[2025-11-20 12:08:30] INFO:    ⏳ Processados: 130000 registros...
[2025-11-20 12:08:30] INFO:    ⏳ Processados: 131000 registros...
[2025-11-20 12:08:30] INFO:    ⏳ Processados: 132000 registros...
[2025-11-20 12:08:30] INFO:    ⏳ Processados: 133000 registros...
[2025-11-20 12:08:30] INFO:    ⏳ Processados: 134000 registros...
[2025-11-20 12:08:30] INFO:    ⏳ Processados: 135000 registros...
[2025-11-20 12:08:30] INFO:    ⏳ Processados: 136000 registros...
[2025-11-20 12:08:30] INFO:    ⏳ Processados: 137000 registros...
[2025-11-20 12:08:30] INFO:    ⏳ Processados: 138000 registros...
[2025-11-20 12:08:30] INFO:    ⏳ Processados: 139000 registros...
[2025-11-20 12:08:30] INFO:    ⏳ Processados: 140000 registros...
[2025-11-20 12:08:30] INFO:    ⏳ Processados: 141000 registros...
[2025-11-20 12:08:30] INFO:    ⏳ Processados: 142000 registros...
[2025-11-20 12:08:30] INFO:    ⏳ Processados: 143000 registros...
[2025-11-20 12:08:30] INFO:    ⏳ Processados: 144000 registros...
[2025-11-20 12:08:30] INFO:    ⏳ Processados: 145000 registros...
[2025-11-20 12:08:30] INFO:    ⏳ Processados: 146000 registros...
[2025-11-20 12:08:30] INFO:    ⏳ Processados: 147000 registros...
[2025-11-20 12:08:30] INFO:    ⏳ Processados: 148000 registros...
[2025-11-20 12:08:30] INFO:    ⏳ Processados: 149000 registros...
[2025-11-20 12:08:30] INFO:    ⏳ Processados: 150000 registros...
[2025-11-20 12:08:30] INFO:    ⏳ Processados: 151000 registros...
[2025-11-20 12:08:30] INFO:    ⏳ Processados: 152000 registros...
[2025-11-20 12:08:30] INFO:    ⏳ Processados: 153000 registros...
[2025-11-20 12:08:30] INFO:    ⏳ Processados: 154000 registros...
[2025-11-20 12:08:30] INFO:    ⏳ Processados: 155000 registros...
[2025-11-20 12:08:30] INFO:    ⏳ Processados: 156000 registros...
[2025-11-20 12:08:30] INFO:    ⏳ Processados: 157000 registros...
[2025-11-20 12:08:30] INFO:    ⏳ Processados: 158000 registros...
[2025-11-20 12:08:30] INFO:    ⏳ Processados: 159000 registros...
[2025-11-20 12:08:30] INFO:    ⏳ Processados: 160000 registros...
[2025-11-20 12:08:30] INFO:    ⏳ Processados: 161000 registros...
[2025-11-20 12:08:30] INFO:    ⏳ Processados: 162000 registros...
[2025-11-20 12:08:30] INFO:    ⏳ Processados: 163000 registros...
[2025-11-20 12:08:30] INFO:    ⏳ Processados: 164000 registros...
[2025-11-20 12:08:30] INFO:    ⏳ Processados: 165000 registros...
[2025-11-20 12:08:30] INFO:    ⏳ Processados: 166000 registros...
[2025-11-20 12:08:30] INFO:    ⏳ Processados: 167000 registros...
[2025-11-20 12:08:30] INFO:    ⏳ Processados: 168000 registros...
[2025-11-20 12:08:30] INFO:    ⏳ Processados: 169000 registros...
[2025-11-20 12:08:30] INFO: ============================================================
[2025-11-20 12:08:30] INFO: ✅ Carga concluída!
[2025-11-20 12:08:30] INFO:    • Registros inseridos: 169122
[2025-11-20 12:08:30] INFO:    • Registros com erro: 0
[2025-11-20 12:08:30] INFO:    • Total na tabela: 676488
[2025-11-20 12:08:30] INFO: ============================================================
[2025-11-20 12:08:30] INFO: 📈 ESTATÍSTICAS DOS DADOS:
[2025-11-20 12:08:30] INFO:    • Total de registros: 676488
[2025-11-20 12:08:30] INFO:    • Área total desmatada: 105461.67 km²
[2025-11-20 12:08:30] INFO:    • Área média por registro: 0.155896 km²
[2025-11-20 12:08:30] INFO:    • Menor área: 0.000000 km²
[2025-11-20 12:08:30] INFO:    • Maior área: 41.31 km²
[2025-11-20 12:08:30] INFO: 
[2025-11-20 12:08:30] INFO: 📋 ETAPA 4/4: Validando integridade dos dados...
[2025-11-20 12:08:30] INFO: 
[2025-11-20 12:08:30] INFO: ============================================================
[2025-11-20 12:08:30] INFO: 🔍 VALIDANDO INTEGRIDADE DOS DADOS
[2025-11-20 12:08:30] INFO: ============================================================
[2025-11-20 12:08:30] INFO:    ✅ DimTempo: 172 registros
[2025-11-20 12:08:30] INFO:    ✅ DimLocalidade: 9 registros
[2025-11-20 12:08:30] INFO:    ✅ FatoDesmatamento: 676488 registros
[2025-11-20 12:08:30] INFO: 
[2025-11-20 12:08:30] INFO: 🔗 Checando integridade referencial...
[2025-11-20 12:08:30] INFO:    ✅ Todas as FKs de tempo estão corretas
[2025-11-20 12:08:30] INFO:    ✅ Todas as FKs de localidade estão corretas
[2025-11-20 12:08:30] INFO:    ✅ Todas as áreas têm valores válidos
[2025-11-20 12:08:30] INFO: 
[2025-11-20 12:08:30] INFO: ✅ INTEGRIDADE DOS DADOS: OK
[2025-11-20 12:08:30] INFO: ============================================================
[2025-11-20 12:08:30] INFO: 
[2025-11-20 12:08:30] INFO: ╔==========================================================╗
[2025-11-20 12:08:30] INFO: ║                  RESUMO DA EXECUÇÃO                     ║
[2025-11-20 12:08:30] INFO: ╚==========================================================╝
[2025-11-20 12:08:30] INFO: 
[2025-11-20 12:08:30] INFO: ✅ Pipeline executada com sucesso!
[2025-11-20 12:08:30] INFO: 
[2025-11-20 12:08:30] INFO: 📊 Registros processados:
[2025-11-20 12:08:30] INFO:    • DimTempo: 0 novos registros
[2025-11-20 12:08:30] INFO:    • DimLocalidade: 0 novos registros
[2025-11-20 12:08:30] INFO:    • FatoDesmatamento: 169122 novos registros
[2025-11-20 12:08:30] INFO: 
[2025-11-20 12:08:30] INFO: 🕐 Tempo de execução: 2.92 segundos
[2025-11-20 12:08:30] INFO: 📁 Banco de dados: /Users/mile/Documents/Projetos/Projeto-Pipeline-de-ETL-Integrado/db/desmatamento.db
[2025-11-20 12:08:30] INFO: 📝 Log salvo em: logs/pipeline_run.log
[2025-11-20 12:08:30] INFO: 
[2025-11-20 12:08:30] INFO: ✅ Integridade dos dados: OK
[2025-11-20 12:08:30] INFO: 
[2025-11-20 12:08:30] INFO: ============================================================
